<?xml version="1.0" encoding="UTF-8"?>
<!-- Generated by org.testng.reporters.JUnitReportReporter -->
<testsuite hostname="DESKTOP-ATC3QN3" name="test1.PracticewithJakya" tests="1" failures="0" timestamp="27 Mar 2019 01:32:55 GMT" time="8.717" errors="0">
  <testcase name="practicewithJkya" time="8.717" classname="test1.PracticewithJakya"/>
</testsuite> <!-- test1.PracticewithJakya -->
