<?xml version="1.0" encoding="UTF-8"?>
<!-- Generated by org.testng.reporters.JUnitReportReporter -->
<testsuite hostname="DESKTOP-ATC3QN3" name="test1.PracticewithJakya" tests="1" failures="0" timestamp="24 Mar 2019 16:55:11 GMT" time="10.347" errors="0">
  <testcase name="practicewithJkya" time="10.347" classname="test1.PracticewithJakya"/>
</testsuite> <!-- test1.PracticewithJakya -->
