<?xml version="1.0" encoding="UTF-8"?>
<!-- Generated by org.testng.reporters.JUnitReportReporter -->
<testsuite hostname="DESKTOP-ATC3QN3" name="test1.TryAndCatch" tests="1" failures="0" timestamp="31 Mar 2019 16:17:31 GMT" time="0.024" errors="0">
  <testcase name="trycatch" time="0.024" classname="test1.TryAndCatch"/>
</testsuite> <!-- test1.TryAndCatch -->
