<?xml version="1.0" encoding="UTF-8"?>
<!-- Generated by org.testng.reporters.JUnitReportReporter -->
<testsuite hostname="DESKTOP-ATC3QN3" name="test1.Annotations" tests="1" failures="0" timestamp="31 Mar 2019 14:52:16 GMT" time="0.004" errors="0">
  <testcase name="mytest" time="0.004" classname="test1.Annotations"/>
</testsuite> <!-- test1.Annotations -->
